C:\Users\guru kripa\source\repos\Projects\OnlineFoodOrder\FoodOrderApp\dist\out-tsc\e2e\src\app.po.js
C:\Users\guru kripa\source\repos\Projects\OnlineFoodOrder\FoodOrderApp\dist\out-tsc\e2e\src\app.po.js.map
C:\Users\guru kripa\source\repos\Projects\OnlineFoodOrder\FoodOrderApp\dist\out-tsc\e2e\src\app.e2e-spec.js
C:\Users\guru kripa\source\repos\Projects\OnlineFoodOrder\FoodOrderApp\dist\out-tsc\e2e\src\app.e2e-spec.js.map
C:\Users\guru kripa\source\repos\Projects\OnlineFoodOrder\FoodOrderApp\dist\out-tsc\src\app\app-routing.module.js
C:\Users\guru kripa\source\repos\Projects\OnlineFoodOrder\FoodOrderApp\dist\out-tsc\src\app\app-routing.module.js.map
C:\Users\guru kripa\source\repos\Projects\OnlineFoodOrder\FoodOrderApp\dist\out-tsc\src\app\signup\signup.component.js
C:\Users\guru kripa\source\repos\Projects\OnlineFoodOrder\FoodOrderApp\dist\out-tsc\src\app\signup\signup.component.js.map
C:\Users\guru kripa\source\repos\Projects\OnlineFoodOrder\FoodOrderApp\dist\out-tsc\src\app\login\login.component.js
C:\Users\guru kripa\source\repos\Projects\OnlineFoodOrder\FoodOrderApp\dist\out-tsc\src\app\login\login.component.js.map
C:\Users\guru kripa\source\repos\Projects\OnlineFoodOrder\FoodOrderApp\dist\out-tsc\src\app\food-categories\food-categories.component.js
C:\Users\guru kripa\source\repos\Projects\OnlineFoodOrder\FoodOrderApp\dist\out-tsc\src\app\food-categories\food-categories.component.js.map
C:\Users\guru kripa\source\repos\Projects\OnlineFoodOrder\FoodOrderApp\dist\out-tsc\src\app\restaurants\restaurants.component.js
C:\Users\guru kripa\source\repos\Projects\OnlineFoodOrder\FoodOrderApp\dist\out-tsc\src\app\restaurants\restaurants.component.js.map
C:\Users\guru kripa\source\repos\Projects\OnlineFoodOrder\FoodOrderApp\dist\out-tsc\src\app\foodlist\foodlist.component.js
C:\Users\guru kripa\source\repos\Projects\OnlineFoodOrder\FoodOrderApp\dist\out-tsc\src\app\foodlist\foodlist.component.js.map
C:\Users\guru kripa\source\repos\Projects\OnlineFoodOrder\FoodOrderApp\dist\out-tsc\src\app\quantities\quantities.component.js
C:\Users\guru kripa\source\repos\Projects\OnlineFoodOrder\FoodOrderApp\dist\out-tsc\src\app\quantities\quantities.component.js.map
C:\Users\guru kripa\source\repos\Projects\OnlineFoodOrder\FoodOrderApp\dist\out-tsc\src\app\totalprice\totalprice.component.js
C:\Users\guru kripa\source\repos\Projects\OnlineFoodOrder\FoodOrderApp\dist\out-tsc\src\app\totalprice\totalprice.component.js.map
C:\Users\guru kripa\source\repos\Projects\OnlineFoodOrder\FoodOrderApp\dist\out-tsc\src\app\payment\payment.component.js
C:\Users\guru kripa\source\repos\Projects\OnlineFoodOrder\FoodOrderApp\dist\out-tsc\src\app\payment\payment.component.js.map
C:\Users\guru kripa\source\repos\Projects\OnlineFoodOrder\FoodOrderApp\dist\out-tsc\src\app\listoffood\listoffood.component.js
C:\Users\guru kripa\source\repos\Projects\OnlineFoodOrder\FoodOrderApp\dist\out-tsc\src\app\listoffood\listoffood.component.js.map
C:\Users\guru kripa\source\repos\Projects\OnlineFoodOrder\FoodOrderApp\dist\out-tsc\src\app\app.routing.js
C:\Users\guru kripa\source\repos\Projects\OnlineFoodOrder\FoodOrderApp\dist\out-tsc\src\app\app.routing.js.map
C:\Users\guru kripa\source\repos\Projects\OnlineFoodOrder\FoodOrderApp\dist\out-tsc\src\app\app.component.js
C:\Users\guru kripa\source\repos\Projects\OnlineFoodOrder\FoodOrderApp\dist\out-tsc\src\app\app.component.js.map
C:\Users\guru kripa\source\repos\Projects\OnlineFoodOrder\FoodOrderApp\dist\out-tsc\src\app\orders\orders.component.js
C:\Users\guru kripa\source\repos\Projects\OnlineFoodOrder\FoodOrderApp\dist\out-tsc\src\app\orders\orders.component.js.map
C:\Users\guru kripa\source\repos\Projects\OnlineFoodOrder\FoodOrderApp\dist\out-tsc\src\app\app.module.js
C:\Users\guru kripa\source\repos\Projects\OnlineFoodOrder\FoodOrderApp\dist\out-tsc\src\app\app.module.js.map
C:\Users\guru kripa\source\repos\Projects\OnlineFoodOrder\FoodOrderApp\dist\out-tsc\src\environments\environment.js
C:\Users\guru kripa\source\repos\Projects\OnlineFoodOrder\FoodOrderApp\dist\out-tsc\src\environments\environment.js.map
C:\Users\guru kripa\source\repos\Projects\OnlineFoodOrder\FoodOrderApp\dist\out-tsc\src\main.js
C:\Users\guru kripa\source\repos\Projects\OnlineFoodOrder\FoodOrderApp\dist\out-tsc\src\main.js.map
C:\Users\guru kripa\source\repos\Projects\OnlineFoodOrder\FoodOrderApp\dist\out-tsc\src\polyfills.js
C:\Users\guru kripa\source\repos\Projects\OnlineFoodOrder\FoodOrderApp\dist\out-tsc\src\polyfills.js.map
C:\Users\guru kripa\source\repos\Projects\OnlineFoodOrder\FoodOrderApp\dist\out-tsc\src\test.js
C:\Users\guru kripa\source\repos\Projects\OnlineFoodOrder\FoodOrderApp\dist\out-tsc\src\test.js.map
C:\Users\guru kripa\source\repos\Projects\OnlineFoodOrder\FoodOrderApp\dist\out-tsc\src\app\app.component.spec.js
C:\Users\guru kripa\source\repos\Projects\OnlineFoodOrder\FoodOrderApp\dist\out-tsc\src\app\app.component.spec.js.map
C:\Users\guru kripa\source\repos\Projects\OnlineFoodOrder\FoodOrderApp\dist\out-tsc\src\app\food-categories\food-categories.component.spec.js
C:\Users\guru kripa\source\repos\Projects\OnlineFoodOrder\FoodOrderApp\dist\out-tsc\src\app\food-categories\food-categories.component.spec.js.map
C:\Users\guru kripa\source\repos\Projects\OnlineFoodOrder\FoodOrderApp\dist\out-tsc\src\app\foodlist\foodlist.component.spec.js
C:\Users\guru kripa\source\repos\Projects\OnlineFoodOrder\FoodOrderApp\dist\out-tsc\src\app\foodlist\foodlist.component.spec.js.map
C:\Users\guru kripa\source\repos\Projects\OnlineFoodOrder\FoodOrderApp\dist\out-tsc\src\app\listoffood\listoffood.component.spec.js
C:\Users\guru kripa\source\repos\Projects\OnlineFoodOrder\FoodOrderApp\dist\out-tsc\src\app\listoffood\listoffood.component.spec.js.map
C:\Users\guru kripa\source\repos\Projects\OnlineFoodOrder\FoodOrderApp\dist\out-tsc\src\app\login\login.component.spec.js
C:\Users\guru kripa\source\repos\Projects\OnlineFoodOrder\FoodOrderApp\dist\out-tsc\src\app\login\login.component.spec.js.map
C:\Users\guru kripa\source\repos\Projects\OnlineFoodOrder\FoodOrderApp\dist\out-tsc\src\app\orders\orders.component.spec.js
C:\Users\guru kripa\source\repos\Projects\OnlineFoodOrder\FoodOrderApp\dist\out-tsc\src\app\orders\orders.component.spec.js.map
C:\Users\guru kripa\source\repos\Projects\OnlineFoodOrder\FoodOrderApp\dist\out-tsc\src\app\payment\payment.component.spec.js
C:\Users\guru kripa\source\repos\Projects\OnlineFoodOrder\FoodOrderApp\dist\out-tsc\src\app\payment\payment.component.spec.js.map
C:\Users\guru kripa\source\repos\Projects\OnlineFoodOrder\FoodOrderApp\dist\out-tsc\src\app\quantities\quantities.component.spec.js
C:\Users\guru kripa\source\repos\Projects\OnlineFoodOrder\FoodOrderApp\dist\out-tsc\src\app\quantities\quantities.component.spec.js.map
C:\Users\guru kripa\source\repos\Projects\OnlineFoodOrder\FoodOrderApp\dist\out-tsc\src\app\restaurants\restaurants.component.spec.js
C:\Users\guru kripa\source\repos\Projects\OnlineFoodOrder\FoodOrderApp\dist\out-tsc\src\app\restaurants\restaurants.component.spec.js.map
C:\Users\guru kripa\source\repos\Projects\OnlineFoodOrder\FoodOrderApp\dist\out-tsc\src\app\signup\signup.component.spec.js
C:\Users\guru kripa\source\repos\Projects\OnlineFoodOrder\FoodOrderApp\dist\out-tsc\src\app\signup\signup.component.spec.js.map
C:\Users\guru kripa\source\repos\Projects\OnlineFoodOrder\FoodOrderApp\dist\out-tsc\src\app\totalprice\totalprice.component.spec.js
C:\Users\guru kripa\source\repos\Projects\OnlineFoodOrder\FoodOrderApp\dist\out-tsc\src\app\totalprice\totalprice.component.spec.js.map
C:\Users\guru kripa\source\repos\Projects\OnlineFoodOrder\FoodOrderApp\dist\out-tsc\src\environments\environment.prod.js
C:\Users\guru kripa\source\repos\Projects\OnlineFoodOrder\FoodOrderApp\dist\out-tsc\src\environments\environment.prod.js.map
