C:\Users\guru kripa\source\repos\ProductApplication\ProductsApp\dist\out-tsc\e2e\src\app.po.js
C:\Users\guru kripa\source\repos\ProductApplication\ProductsApp\dist\out-tsc\e2e\src\app.po.js.map
C:\Users\guru kripa\source\repos\ProductApplication\ProductsApp\dist\out-tsc\e2e\src\app.e2e-spec.js
C:\Users\guru kripa\source\repos\ProductApplication\ProductsApp\dist\out-tsc\e2e\src\app.e2e-spec.js.map
C:\Users\guru kripa\source\repos\ProductApplication\ProductsApp\dist\out-tsc\src\app\app-routing.module.js
C:\Users\guru kripa\source\repos\ProductApplication\ProductsApp\dist\out-tsc\src\app\app-routing.module.js.map
C:\Users\guru kripa\source\repos\ProductApplication\ProductsApp\dist\out-tsc\src\app\Customers\customer-detail\customer-detail.component.js
C:\Users\guru kripa\source\repos\ProductApplication\ProductsApp\dist\out-tsc\src\app\Customers\customer-detail\customer-detail.component.js.map
C:\Users\guru kripa\source\repos\ProductApplication\ProductsApp\dist\out-tsc\src\app\Customers\login\login.component.js
C:\Users\guru kripa\source\repos\ProductApplication\ProductsApp\dist\out-tsc\src\app\Customers\login\login.component.js.map
C:\Users\guru kripa\source\repos\ProductApplication\ProductsApp\dist\out-tsc\src\app\Customers\update-profile\update-profile.component.js
C:\Users\guru kripa\source\repos\ProductApplication\ProductsApp\dist\out-tsc\src\app\Customers\update-profile\update-profile.component.js.map
C:\Users\guru kripa\source\repos\ProductApplication\ProductsApp\dist\out-tsc\src\app\app.routing.js
C:\Users\guru kripa\source\repos\ProductApplication\ProductsApp\dist\out-tsc\src\app\app.routing.js.map
C:\Users\guru kripa\source\repos\ProductApplication\ProductsApp\dist\out-tsc\src\app\app.component.js
C:\Users\guru kripa\source\repos\ProductApplication\ProductsApp\dist\out-tsc\src\app\app.component.js.map
C:\Users\guru kripa\source\repos\ProductApplication\ProductsApp\dist\out-tsc\src\app\app.module.js
C:\Users\guru kripa\source\repos\ProductApplication\ProductsApp\dist\out-tsc\src\app\app.module.js.map
C:\Users\guru kripa\source\repos\ProductApplication\ProductsApp\dist\out-tsc\src\environments\environment.js
C:\Users\guru kripa\source\repos\ProductApplication\ProductsApp\dist\out-tsc\src\environments\environment.js.map
C:\Users\guru kripa\source\repos\ProductApplication\ProductsApp\dist\out-tsc\src\main.js
C:\Users\guru kripa\source\repos\ProductApplication\ProductsApp\dist\out-tsc\src\main.js.map
C:\Users\guru kripa\source\repos\ProductApplication\ProductsApp\dist\out-tsc\src\polyfills.js
C:\Users\guru kripa\source\repos\ProductApplication\ProductsApp\dist\out-tsc\src\polyfills.js.map
C:\Users\guru kripa\source\repos\ProductApplication\ProductsApp\dist\out-tsc\src\test.js
C:\Users\guru kripa\source\repos\ProductApplication\ProductsApp\dist\out-tsc\src\test.js.map
C:\Users\guru kripa\source\repos\ProductApplication\ProductsApp\dist\out-tsc\src\app\app.component.spec.js
C:\Users\guru kripa\source\repos\ProductApplication\ProductsApp\dist\out-tsc\src\app\app.component.spec.js.map
C:\Users\guru kripa\source\repos\ProductApplication\ProductsApp\dist\out-tsc\src\app\Customers\login\login.component.spec.js
C:\Users\guru kripa\source\repos\ProductApplication\ProductsApp\dist\out-tsc\src\app\Customers\login\login.component.spec.js.map
C:\Users\guru kripa\source\repos\ProductApplication\ProductsApp\dist\out-tsc\src\app\Customers\update-profile\update-profile.component.spec.js
C:\Users\guru kripa\source\repos\ProductApplication\ProductsApp\dist\out-tsc\src\app\Customers\update-profile\update-profile.component.spec.js.map
C:\Users\guru kripa\source\repos\ProductApplication\ProductsApp\dist\out-tsc\src\environments\environment.prod.js
C:\Users\guru kripa\source\repos\ProductApplication\ProductsApp\dist\out-tsc\src\environments\environment.prod.js.map
